New log file opened at Thu Oct 22 20:10:34 COT 2015 by 5654@mateo-Vostro-3400
Taking next connection to: 43658
New client attempting to connect on port: 35517-43658
  Address = /127.0.1.1:43658
This client on port 35517 has uuid 4cf12a4f-84d4-4996-97b7-b49d07e53757 configName activator humanReadableName Activator protocolVersion 3 featureTags Vector()
Connected Clients: activator-4cf12a4f-84d4-4996-97b7-b49d07e53757
Taking next connection to: 43658
Checking to see if clients are empty...
We have 1 non-daemon clients, continuing serving connections.
Taking next connection to: 43658
Checking to see if clients are empty...
We have 1 non-daemon clients, continuing serving connections.
Taking next connection to: 43658
Checking to see if clients are empty...
We have 1 non-daemon clients, continuing serving connections.
Taking next connection to: 43658
Checking to see if clients are empty...
We have 1 non-daemon clients, continuing serving connections.
Taking next connection to: 43658
Checking to see if clients are empty...
We have 1 non-daemon clients, continuing serving connections.
Taking next connection to: 43658
Checking to see if clients are empty...
We have 1 non-daemon clients, continuing serving connections.
Taking next connection to: 43658
Checking to see if clients are empty...
We have 1 non-daemon clients, continuing serving connections.
Taking next connection to: 43658
Checking to see if clients are empty...
We have 1 non-daemon clients, continuing serving connections.
Taking next connection to: 43658
Checking to see if clients are empty...
We have 1 non-daemon clients, continuing serving connections.
Taking next connection to: 43658
